Removed Pin From Net: NetName=GND Pin=BMP280-1
Removed Pin From Net: NetName=3.3V Pin=BMP280-2
Removed Pin From Net: NetName=SDA Pin=BMP280-3
Removed Pin From Net: NetName=SCL Pin=BMP280-4
Removed Pin From Net: NetName=GND Pin=BMP280-5
Removed Pin From Net: NetName=3.3V Pin=BMP280-6
Removed Pin From Net: NetName=GND Pin=BMP280-7
Removed Pin From Net: NetName=3.3V Pin=BMP280-8
Added Component: Designator=C?(C 1206)
Add component (AddParameter): Name = "BRAND"; Value = ""; VariantName = "[No Variations]"
Add component (AddParameter): Name = "PACKAGE"; Value = ""; VariantName = "[No Variations]"
Add component (AddParameter): Name = "PART NO"; Value = ""; VariantName = "[No Variations]"
Add component (AddParameter): Name = "STOCK CODE"; Value = ""; VariantName = "[No Variations]"
Add component (AddParameter): Name = "SUPPLIER"; Value = ""; VariantName = "[No Variations]"
Add component (AddParameter): Name = "TYPE"; Value = ""; VariantName = "[No Variations]"
Added Component: Designator=U?(XDCR_BMP280)
Add component (AddParameter): Name = "Availability"; Value = "Unavailable"; VariantName = "[No Variations]"
Add component (AddParameter): Name = "MF"; Value = ""; VariantName = "[No Variations]"
Add component (AddParameter): Name = "MP"; Value = "BMP280"; VariantName = "[No Variations]"
Add component (AddParameter): Name = "Package"; Value = "None"; VariantName = "[No Variations]"
Add component (AddParameter): Name = "Price"; Value = "None"; VariantName = "[No Variations]"
Add component (AddParameter): Name = "Value"; Value = ""; VariantName = "[No Variations]"
Added Pin To Net: NetName=GND Pin=U?-1
Added Pin To Net: NetName=3.3V Pin=U?-2
Added Pin To Net: NetName=SDA Pin=U?-3
Added Pin To Net: NetName=SCL Pin=U?-4
Added Pin To Net: NetName=GND Pin=U?-5
Added Pin To Net: NetName=3.3V Pin=U?-6
Added Pin To Net: NetName=GND Pin=U?-7
Added Pin To Net: NetName=3.3V Pin=U?-8
Added Member To Class: ClassName=Sch_SHT40-BMP280 Member=Component C? C
Added Member To Class: ClassName=Sch_SHT40-BMP280 Member=Component U? BMP280
Added Room: Name=Sch_SHT40-BMP280
