Change Component Footprint: Designator=P? Old Footprint=HDR/Header/2 New Footprint=HDR/Header/2/VH
Added Component: Designator=P?(HDR/Header/2/VH)
Add component (AddParameter): Name = "BRAND"; Value = ""; VariantName = "[No Variations]"
Add component (AddParameter): Name = "PACKAGE"; Value = ""; VariantName = "[No Variations]"
Add component (AddParameter): Name = "PART NO"; Value = ""; VariantName = "[No Variations]"
Add component (AddParameter): Name = "STOCK CODE"; Value = ""; VariantName = "[No Variations]"
Add component (AddParameter): Name = "SUPPLIER"; Value = ""; VariantName = "[No Variations]"
Add component (AddParameter): Name = "TYPE"; Value = ""; VariantName = "[No Variations]"
Added Component: Designator=P?(HDR/Header/2/VH)
Add component (AddParameter): Name = "BRAND"; Value = ""; VariantName = "[No Variations]"
Add component (AddParameter): Name = "PACKAGE"; Value = ""; VariantName = "[No Variations]"
Add component (AddParameter): Name = "PART NO"; Value = ""; VariantName = "[No Variations]"
Add component (AddParameter): Name = "STOCK CODE"; Value = ""; VariantName = "[No Variations]"
Add component (AddParameter): Name = "SUPPLIER"; Value = ""; VariantName = "[No Variations]"
Add component (AddParameter): Name = "TYPE"; Value = ""; VariantName = "[No Variations]"
Add Net: Net with name "NetP?_1" already exists
Add Net: Net with name "NetP?_1" already exists
Add Net: Net with name "NetP?_2" already exists
Add Net: Net with name "NetP?_2" already exists
Added Member To Class: ClassName=SCH_COMB-ATOM-RELAY Member=Component P? Header 2
Added Member To Class: ClassName=SCH_COMB-ATOM-RELAY Member=Component P? Header 2
Added Room: Name=SCH_COMB-ATOM-RELAY
