Removed Pin From Net: NetName=Net*_3 Pin=P4-2
Removed Pin From Net: NetName=Net*_4 Pin=P4-3
Added Component: Designator=*?(RELAY932)
Added Component: Designator=*?(RELAY932)
Added Component: Designator=*?(RELAY932)
Added Component: Designator=*?(RELAY932)
Added Component: Designator=*?(RELAY932)
Added Component: Designator=*?(RELAY932)
Added Component: Designator=*?(RELAY932)
Added Component: Designator=*(RELAY932)
Added Pin To Net: NetName=+5 Pin=*-1
Added Pin To Net: NetName=RL8 Pin=*-2
Added Pin To Net: NetName=Net*_3 Pin=*-3
Added Pin To Net: NetName=Net*_4 Pin=*-4
Added Pin To Net: NetName=+5 Pin=*?-1
Added Pin To Net: NetName=+5 Pin=*?-1
Added Pin To Net: NetName=+5 Pin=*?-1
Added Pin To Net: NetName=+5 Pin=*?-1
Added Pin To Net: NetName=+5 Pin=*?-1
Added Pin To Net: NetName=+5 Pin=*?-1
Added Pin To Net: NetName=+5 Pin=*?-1
Added Pin To Net: NetName=RL1 Pin=*?-2
Added Pin To Net: NetName=RL2 Pin=*?-2
Added Pin To Net: NetName=RL3 Pin=*?-2
Added Pin To Net: NetName=RL4 Pin=*?-2
Added Pin To Net: NetName=RL5 Pin=*?-2
Added Pin To Net: NetName=RL6 Pin=*?-2
Added Pin To Net: NetName=RL7 Pin=*?-2
Added Pin To Net: NetName=Net*_3 Pin=P8-2
Added Pin To Net: NetName=Net*_4 Pin=P8-3
Added Pin To Net: NetName=Net*?_3 Pin=*?-3
Added Pin To Net: NetName=Net*?_3 Pin=P6-2
Added Net: Name=Net*?_3
Add Net: Net with name "Net*?_3" already exists
Add Net: Net with name "Net*?_3" already exists
Add Net: Net with name "Net*?_3" already exists
Add Net: Net with name "Net*?_3" already exists
Add Net: Net with name "Net*?_3" already exists
Add Net: Net with name "Net*?_3" already exists
Added Pin To Net: NetName=Net*?_4 Pin=*?-4
Added Pin To Net: NetName=Net*?_4 Pin=P6-3
Added Net: Name=Net*?_4
Add Net: Net with name "Net*?_4" already exists
Add Net: Net with name "Net*?_4" already exists
Add Net: Net with name "Net*?_4" already exists
Add Net: Net with name "Net*?_4" already exists
Add Net: Net with name "Net*?_4" already exists
Add Net: Net with name "Net*?_4" already exists
Added Member To Class: ClassName=SCH_8Relay Member=Component *? Relay_932_SH_AH
Added Member To Class: ClassName=SCH_8Relay Member=Component *? Relay_932_SH_AH
Added Member To Class: ClassName=SCH_8Relay Member=Component *? Relay_932_SH_AH
Added Member To Class: ClassName=SCH_8Relay Member=Component *? Relay_932_SH_AH
Added Member To Class: ClassName=SCH_8Relay Member=Component *? Relay_932_SH_AH
Added Member To Class: ClassName=SCH_8Relay Member=Component *? Relay_932_SH_AH
Added Member To Class: ClassName=SCH_8Relay Member=Component *? Relay_932_SH_AH
Added Member To Class: ClassName=SCH_8Relay Member=Component * Relay_932_SH_AH
Added Member To Class: ClassName=SCH_8Relay Member=Component P? Header 4
