Change Component Designator: OldDesignator=* NewDesignator=RL1
Change Component Designator: OldDesignator=* NewDesignator=RL2
Change Component Designator: OldDesignator=* NewDesignator=RL3
Change Component Designator: OldDesignator=* NewDesignator=RL4
Change Component Designator: OldDesignator=* NewDesignator=RL5
Change Component Designator: OldDesignator=* NewDesignator=RL6
Change Component Designator: OldDesignator=* NewDesignator=RL7
Change Component Designator: OldDesignator=* NewDesignator=RL8
Change Net Name : Old Net Name=Net*_2 New Net Name=NetP7_2
Change Net Name : Old Net Name=Net*_3 New Net Name=NetP7_3
Added Pin To Net: NetName=NetP1_2 Pin=P1-2
Added Pin To Net: NetName=NetP1_2 Pin=RL1-2
Added Net: Name=NetP1_2
Added Pin To Net: NetName=NetP1_3 Pin=P1-3
Added Pin To Net: NetName=NetP1_3 Pin=RL1-3
Added Net: Name=NetP1_3
Added Pin To Net: NetName=NetP2_2 Pin=P2-2
Added Pin To Net: NetName=NetP2_2 Pin=RL2-2
Added Net: Name=NetP2_2
Added Pin To Net: NetName=NetP2_3 Pin=P2-3
Added Pin To Net: NetName=NetP2_3 Pin=RL2-3
Added Net: Name=NetP2_3
Added Pin To Net: NetName=NetP3_2 Pin=P3-2
Added Pin To Net: NetName=NetP3_2 Pin=RL3-2
Added Net: Name=NetP3_2
Added Pin To Net: NetName=NetP3_3 Pin=P3-3
Added Pin To Net: NetName=NetP3_3 Pin=RL3-3
Added Net: Name=NetP3_3
Added Pin To Net: NetName=NetP4_2 Pin=P4-2
Added Pin To Net: NetName=NetP4_2 Pin=RL4-2
Added Net: Name=NetP4_2
Added Pin To Net: NetName=NetP4_3 Pin=P4-3
Added Pin To Net: NetName=NetP4_3 Pin=RL4-3
Added Net: Name=NetP4_3
Added Pin To Net: NetName=NetP5_2 Pin=P5-2
Added Pin To Net: NetName=NetP5_2 Pin=RL5-2
Added Net: Name=NetP5_2
Added Pin To Net: NetName=NetP5_3 Pin=P5-3
Added Pin To Net: NetName=NetP5_3 Pin=RL5-3
Added Net: Name=NetP5_3
Added Pin To Net: NetName=NetP6_2 Pin=P6-2
Added Pin To Net: NetName=NetP6_2 Pin=RL6-2
Added Net: Name=NetP6_2
Added Pin To Net: NetName=NetP6_3 Pin=P6-3
Added Pin To Net: NetName=NetP6_3 Pin=RL6-3
Added Net: Name=NetP6_3
Added Pin To Net: NetName=NetP8_2 Pin=P8-2
Added Pin To Net: NetName=NetP8_2 Pin=RL8-2
Added Net: Name=NetP8_2
Added Pin To Net: NetName=NetP8_3 Pin=P8-3
Added Pin To Net: NetName=NetP8_3 Pin=RL8-3
Added Net: Name=NetP8_3
Added Member To Class: ClassName=SCH_8Relay Member=Component P? Header 4
Added Member To Class: ClassName=SCH_8Relay Member=Component RL2 Relay_932_SH_AH
Added Member To Class: ClassName=SCH_8Relay Member=Component RL3 Relay_932_SH_AH
Added Member To Class: ClassName=SCH_8Relay Member=Component RL4 Relay_932_SH_AH
Added Member To Class: ClassName=SCH_8Relay Member=Component RL5 Relay_932_SH_AH
Added Member To Class: ClassName=SCH_8Relay Member=Component RL6 Relay_932_SH_AH
Added Member To Class: ClassName=SCH_8Relay Member=Component RL7 Relay_932_SH_AH
Added Member To Class: ClassName=SCH_8Relay Member=Component RL8 Relay_932_SH_AH
