Add Component: Footprint Not Found RELAY932
Add Component: Footprint Not Found RELAY932
Add Component: Footprint Not Found RELAY932
Add Component: Footprint Not Found RELAY932
Add Component: Footprint Not Found RELAY932
Add Component: Footprint Not Found RELAY932
Add Component: Footprint Not Found RELAY932
Add Component: Footprint Not Found RELAY932
Add Pin To Net: Unknown Pin: Pin *-1
Add Pin To Net: Unknown Pin: Pin *-1
Add Pin To Net: Unknown Pin: Pin *-1
Add Pin To Net: Unknown Pin: Pin *-1
Add Pin To Net: Unknown Pin: Pin *-1
Add Pin To Net: Unknown Pin: Pin *-1
Add Pin To Net: Unknown Pin: Pin *-1
Add Pin To Net: Unknown Pin: Pin *-1
Add Pin To Net: Unknown Pin: Pin *-2
Add Pin To Net: Unknown Pin: Pin *-2
Add Pin To Net: Unknown Pin: Pin *-2
Add Pin To Net: Unknown Pin: Pin *-2
Add Pin To Net: Unknown Pin: Pin *-2
Add Pin To Net: Unknown Pin: Pin *-2
Add Pin To Net: Unknown Pin: Pin *-2
Add Pin To Net: Unknown Pin: Pin *-2
Add Pin To Net: Unknown Pin: Pin *-3
Add Pin To Net: Unknown Pin: Pin *-4
Add Net: Net with name "Net*_3" already exists
Add Net: Net with name "Net*_3" already exists
Add Net: Net with name "Net*_3" already exists
Add Net: Net with name "Net*_3" already exists
Add Net: Net with name "Net*_3" already exists
Add Net: Net with name "Net*_3" already exists
Add Net: Net with name "Net*_3" already exists
Add Net: Net with name "Net*_4" already exists
Add Net: Net with name "Net*_4" already exists
Add Net: Net with name "Net*_4" already exists
Add Net: Net with name "Net*_4" already exists
Add Net: Net with name "Net*_4" already exists
Add Net: Net with name "Net*_4" already exists
Add Net: Net with name "Net*_4" already exists
Add Class Member: Failed to add class member : Component * Relay_932_SH_AH
Add Class Member: Failed to add class member : Component * Relay_932_SH_AH
Add Class Member: Failed to add class member : Component * Relay_932_SH_AH
Add Class Member: Failed to add class member : Component * Relay_932_SH_AH
Add Class Member: Failed to add class member : Component * Relay_932_SH_AH
Add Class Member: Failed to add class member : Component * Relay_932_SH_AH
Add Class Member: Failed to add class member : Component * Relay_932_SH_AH
Add Class Member: Failed to add class member : Component * Relay_932_SH_AH
Added Member To Class: ClassName=SCH_8Relay Member=Component P? Header 4
