Removed Pin From Net: NetName=+5 Pin=RL1-1
Removed Pin From Net: NetName=RL1 Pin=RL1-4
Removed Pin From Net: NetName=+5 Pin=RL2-1
Removed Pin From Net: NetName=RL2 Pin=RL2-4
Removed Pin From Net: NetName=+5 Pin=RL3-1
Removed Pin From Net: NetName=RL3 Pin=RL3-4
Removed Pin From Net: NetName=+5 Pin=RL4-1
Removed Pin From Net: NetName=RL4 Pin=RL4-4
Removed Member From Class: ClassName=SCH_8Relay Member=RL1
Removed Member From Class: ClassName=SCH_8Relay Member=RL2
Removed Member From Class: ClassName=SCH_8Relay Member=RL3
Removed Member From Class: ClassName=SCH_8Relay Member=RL4
Change Footprint: Footprint Not Found RELAY932
Add Component: Footprint Not Found RELAY932
Add Component: Footprint Not Found RELAY932
Add Component: Footprint Not Found RELAY932
Add Component: Footprint Not Found RELAY932
Add Pin To Net: Unknown Pin: Pin *-1
Add Pin To Net: Unknown Pin: Pin *-1
Add Pin To Net: Unknown Pin: Pin *-1
Add Pin To Net: Unknown Pin: Pin *-1
Add Pin To Net: Unknown Pin: Pin *-4
Add Pin To Net: Unknown Pin: Pin *-4
Add Pin To Net: Unknown Pin: Pin *-4
Add Pin To Net: Unknown Pin: Pin *-4
Added Pin To Net: NetName=Net*_2 Pin=P2-2
Added Net: Name=Net*_2
Add Net: Net with name "Net*_2" already exists
Add Net: Net with name "Net*_2" already exists
Add Net: Net with name "Net*_2" already exists
Added Pin To Net: NetName=Net*_3 Pin=P3-3
Added Net: Name=Net*_3
Add Net: Net with name "Net*_3" already exists
Add Net: Net with name "Net*_3" already exists
Add Net: Net with name "Net*_3" already exists
Add Class Member: Failed to add class member : Component * Relay_932_SH_AH
Add Class Member: Failed to add class member : Component * Relay_932_SH_AH
Add Class Member: Failed to add class member : Component * Relay_932_SH_AH
Add Class Member: Failed to add class member : Component * Relay_932_SH_AH
Added Member To Class: ClassName=SCH_8Relay Member=Component P? Header 4
Added Room: Name=SCH_8Relay
