Removed Pin From Net: NetName=+5 Pin=D5-2
Removed Pin From Net: NetName=+5 Pin=D6-2
Removed Pin From Net: NetName=+5 Pin=D7-2
Removed Pin From Net: NetName=+5 Pin=D8-2
Removed Pin From Net: NetName=RL1 Pin=L1-2
Removed Pin From Net: NetName=RL2 Pin=L2-2
Removed Pin From Net: NetName=RL3 Pin=L3-2
Removed Pin From Net: NetName=RL4 Pin=L4-2
Removed Pin From Net: NetName=GND Pin=Q5-2
Removed Pin From Net: NetName=GND Pin=Q6-2
Removed Pin From Net: NetName=GND Pin=Q7-2
Removed Pin From Net: NetName=GND Pin=Q8-2
Removed Pin From Net: NetName=+5 Pin=R1-1
Removed Pin From Net: NetName=NetL1_1 Pin=R1-2
Removed Pin From Net: NetName=+5 Pin=R2-1
Removed Pin From Net: NetName=NetL2_1 Pin=R2-2
Removed Pin From Net: NetName=+5 Pin=R3-1
Removed Pin From Net: NetName=NetL3_1 Pin=R3-2
Removed Pin From Net: NetName=+5 Pin=R4-1
Removed Pin From Net: NetName=NetL4_1 Pin=R4-2
Removed Pin From Net: NetName=+5 Pin=R5-1
Removed Pin From Net: NetName=+5 Pin=R6-1
Removed Pin From Net: NetName=+5 Pin=R7-1
Removed Pin From Net: NetName=+5 Pin=R8-1
Removed Pin From Net: NetName=+5 Pin=RL5-1
Removed Pin From Net: NetName=+5 Pin=RL6-1
Removed Pin From Net: NetName=+5 Pin=RL7-1
Removed Pin From Net: NetName=+5 Pin=RL8-1
Removed Pin From Net: NetName=NetRA2_4 Pin=U1-11
Removed Pin From Net: NetName=NetRA2_2 Pin=U1-13
Removed Member From Class: ClassName=SCH_8Relay Member=D5
Removed Member From Class: ClassName=SCH_8Relay Member=D6
Removed Member From Class: ClassName=SCH_8Relay Member=D7
Removed Member From Class: ClassName=SCH_8Relay Member=D8
Removed Member From Class: ClassName=SCH_8Relay Member=L5
Removed Member From Class: ClassName=SCH_8Relay Member=L6
Removed Member From Class: ClassName=SCH_8Relay Member=L7
Removed Member From Class: ClassName=SCH_8Relay Member=L8
Removed Member From Class: ClassName=SCH_8Relay Member=P5
Removed Member From Class: ClassName=SCH_8Relay Member=P6
Removed Member From Class: ClassName=SCH_8Relay Member=P7
Removed Member From Class: ClassName=SCH_8Relay Member=P8
Removed Member From Class: ClassName=SCH_8Relay Member=Q5
Removed Member From Class: ClassName=SCH_8Relay Member=Q6
Removed Member From Class: ClassName=SCH_8Relay Member=Q7
Removed Member From Class: ClassName=SCH_8Relay Member=Q8
Removed Member From Class: ClassName=SCH_8Relay Member=R1
Removed Member From Class: ClassName=SCH_8Relay Member=R2
Removed Member From Class: ClassName=SCH_8Relay Member=R3
Removed Member From Class: ClassName=SCH_8Relay Member=R4
Removed Member From Class: ClassName=SCH_8Relay Member=R5
Removed Member From Class: ClassName=SCH_8Relay Member=R6
Removed Member From Class: ClassName=SCH_8Relay Member=R7
Removed Member From Class: ClassName=SCH_8Relay Member=R8
Removed Member From Class: ClassName=SCH_8Relay Member=RL5
Removed Member From Class: ClassName=SCH_8Relay Member=RL6
Removed Member From Class: ClassName=SCH_8Relay Member=RL7
Removed Member From Class: ClassName=SCH_8Relay Member=RL8
Change Component Footprint: Designator=L1 Old Footprint=Led 0805 RED New Footprint=Led 0805
Change Component Footprint: Designator=L2 Old Footprint=Led 0805 RED New Footprint=Led 0805
Change Component Footprint: Designator=L3 Old Footprint=Led 0805 RED New Footprint=Led 0805
Change Component Footprint: Designator=L4 Old Footprint=Led 0805 RED New Footprint=Led 0805
Added Pin To Net: NetName=GND Pin=L1-2
Added Pin To Net: NetName=GND Pin=L2-2
Added Pin To Net: NetName=GND Pin=L3-2
Added Pin To Net: NetName=GND Pin=L4-2
Added Pin To Net: NetName=NetL1_1 Pin=RA2-5
Added Pin To Net: NetName=NetL2_1 Pin=RA2-6
Added Pin To Net: NetName=NetL3_1 Pin=RA2-7
Added Pin To Net: NetName=NetL4_1 Pin=RA2-8
Added Pin To Net: NetName=NetRA2_2 Pin=U1-10
Added Pin To Net: NetName=NetRA2_4 Pin=U1-13
Added Member To Class: ClassName=SCH_8Relay Member=Component C5 0.1m
Added Member To Class: ClassName=SCH_8Relay Member=Component P? Header 4
Added Room: Name=SCH_8Relay
