Removed Pin From Net: NetName=+5 Pin=RE1-1
Removed Pin From Net: NetName=RL1 Pin=RE1-2
Removed Pin From Net: NetName=+5 Pin=RE2-1
Removed Pin From Net: NetName=RL2 Pin=RE2-2
Removed Pin From Net: NetName=+5 Pin=RE3-1
Removed Pin From Net: NetName=RL3 Pin=RE3-2
Removed Pin From Net: NetName=+5 Pin=RE4-1
Removed Pin From Net: NetName=RL4 Pin=RE4-2
Removed Pin From Net: NetName=+5 Pin=RE5-1
Removed Pin From Net: NetName=RL5 Pin=RE5-2
Removed Pin From Net: NetName=+5 Pin=RE6-1
Removed Pin From Net: NetName=RL6 Pin=RE6-2
Removed Pin From Net: NetName=+5 Pin=RE7-1
Removed Pin From Net: NetName=RL7 Pin=RE7-2
Removed Pin From Net: NetName=+5 Pin=RE8-1
Removed Pin From Net: NetName=RL8 Pin=RE8-2
Removed Pin From Net: NetName=NetRA2_4 Pin=U1-11
Removed Pin From Net: NetName=NetRA2_2 Pin=U1-13
Removed Pin From Net: NetName=NetRA2_1 Pin=U1-14
Change Component Footprint: Designator=D5 Old Footprint=DO-214AC (SMA) New Footprint=DO-35 (SOD27 )
Change Component Footprint: Designator=D6 Old Footprint=DO-214AC (SMA) New Footprint=DO-35 (SOD27 )
Change Component Footprint: Designator=D7 Old Footprint=DO-214AC (SMA) New Footprint=DO-35 (SOD27 )
Change Component Footprint: Designator=D8 Old Footprint=DO-214AC (SMA) New Footprint=DO-35 (SOD27 )
Added Pin To Net: NetName=RL1 Pin=RE1-1
Added Pin To Net: NetName=+5 Pin=RE1-2
Added Pin To Net: NetName=RL2 Pin=RE2-1
Added Pin To Net: NetName=+5 Pin=RE2-2
Added Pin To Net: NetName=RL3 Pin=RE3-1
Added Pin To Net: NetName=+5 Pin=RE3-2
Added Pin To Net: NetName=RL4 Pin=RE4-1
Added Pin To Net: NetName=+5 Pin=RE4-2
Added Pin To Net: NetName=RL5 Pin=RE5-1
Added Pin To Net: NetName=+5 Pin=RE5-2
Added Pin To Net: NetName=RL6 Pin=RE6-1
Added Pin To Net: NetName=+5 Pin=RE6-2
Added Pin To Net: NetName=RL7 Pin=RE7-1
Added Pin To Net: NetName=+5 Pin=RE7-2
Added Pin To Net: NetName=RL8 Pin=RE8-1
Added Pin To Net: NetName=+5 Pin=RE8-2
Added Pin To Net: NetName=NetRA2_1 Pin=U1-10
Added Pin To Net: NetName=NetRA2_2 Pin=U1-11
Added Pin To Net: NetName=NetRA2_4 Pin=U1-13
Added Member To Class: ClassName=SCH_8Relay Member=Component P? Header 4
Added Room: Name=SCH_8Relay
