Add Component: Footprint Not Found RELAY932
Add Component: Footprint Not Found RELAY932
Add Component: Footprint Not Found RELAY932
Add Component: Footprint Not Found RELAY932
Add Component: Footprint Not Found RELAY932
Add Component: Footprint Not Found RELAY932
Add Component: Footprint Not Found RELAY932
Add Component: Footprint Not Found RELAY932
Add Pin To Net: Unknown Pin: Pin RE1-1
Add Pin To Net: Unknown Pin: Pin RE1-2
Add Pin To Net: Unknown Pin: Pin RE2-1
Add Pin To Net: Unknown Pin: Pin RE2-2
Add Pin To Net: Unknown Pin: Pin RE3-1
Add Pin To Net: Unknown Pin: Pin RE3-2
Add Pin To Net: Unknown Pin: Pin RE4-1
Add Pin To Net: Unknown Pin: Pin RE4-2
Add Pin To Net: Unknown Pin: Pin RE5-1
Add Pin To Net: Unknown Pin: Pin RE5-2
Add Pin To Net: Unknown Pin: Pin RE6-1
Add Pin To Net: Unknown Pin: Pin RE6-2
Add Pin To Net: Unknown Pin: Pin RE7-1
Add Pin To Net: Unknown Pin: Pin RE7-2
Add Pin To Net: Unknown Pin: Pin RE8-1
Add Pin To Net: Unknown Pin: Pin RE8-2
Added Pin To Net: NetName=NetP1_2 Pin=P1-2
Added Net: Name=NetP1_2
Added Pin To Net: NetName=NetP1_3 Pin=P1-3
Added Net: Name=NetP1_3
Added Pin To Net: NetName=NetP2_2 Pin=P2-2
Added Net: Name=NetP2_2
Added Pin To Net: NetName=NetP2_3 Pin=P2-3
Added Net: Name=NetP2_3
Added Pin To Net: NetName=NetP3_2 Pin=P3-2
Added Net: Name=NetP3_2
Added Pin To Net: NetName=NetP3_3 Pin=P3-3
Added Net: Name=NetP3_3
Added Pin To Net: NetName=NetP4_2 Pin=P4-2
Added Net: Name=NetP4_2
Added Pin To Net: NetName=NetP4_3 Pin=P4-3
Added Net: Name=NetP4_3
Added Pin To Net: NetName=NetP5_2 Pin=P5-2
Added Net: Name=NetP5_2
Added Pin To Net: NetName=NetP5_3 Pin=P5-3
Added Net: Name=NetP5_3
Added Pin To Net: NetName=NetP6_2 Pin=P6-2
Added Net: Name=NetP6_2
Added Pin To Net: NetName=NetP6_3 Pin=P6-3
Added Net: Name=NetP6_3
Added Pin To Net: NetName=NetP7_2 Pin=P7-2
Added Net: Name=NetP7_2
Added Pin To Net: NetName=NetP7_3 Pin=P7-3
Added Net: Name=NetP7_3
Added Pin To Net: NetName=NetP8_2 Pin=P8-2
Added Net: Name=NetP8_2
Added Pin To Net: NetName=NetP8_3 Pin=P8-3
Added Net: Name=NetP8_3
Added Member To Class: ClassName=SCH_8Relay Member=Component P? Header 4
Add Class Member: Failed to add class member : Component RE1 Relay_932_SH_AH
Add Class Member: Failed to add class member : Component RE2 Relay_932_SH_AH
Add Class Member: Failed to add class member : Component RE3 Relay_932_SH_AH
Add Class Member: Failed to add class member : Component RE4 Relay_932_SH_AH
Add Class Member: Failed to add class member : Component RE5 Relay_932_SH_AH
Add Class Member: Failed to add class member : Component RE6 Relay_932_SH_AH
Add Class Member: Failed to add class member : Component RE7 Relay_932_SH_AH
Add Class Member: Failed to add class member : Component RE8 Relay_932_SH_AH
Added Room: Name=SCH_8Relay
