Add Component: Footprint Not Found PCBComponent_1
Add Component: Footprint Not Found VALCON_VH396-03S-010
Add Component: Footprint Not Found VALCON_VH396-03S-010
Add Component: Footprint Not Found PCBComponent_1
Add Pin To Net: Unknown Pin: Pin *-1
Add Pin To Net: Unknown Pin: Pin *-2
Add Pin To Net: Unknown Pin: Pin Realy1-1
Add Pin To Net: Unknown Pin: Pin Realy1-2
Added Pin To Net: NetName=NetP?_1 Pin=P?-1
Added Pin To Net: NetName=NetP?_1 Pin=P?-4
Added Net: Name=NetP?_1
Added Pin To Net: NetName=NetP?_2 Pin=P?-2
Added Net: Name=NetP?_2
Added Pin To Net: NetName=NetP?_3 Pin=P?-3
Added Net: Name=NetP?_3
Add Class Member: Failed to add class member : Component * Relay_932_SH_AH
Add Class Member: Failed to add class member : Component J3 VH396-03S-010
Add Class Member: Failed to add class member : Component J4 VH396-03S-010
Add Class Member: Failed to add class member : Component Realy1 Relay_932_SH_AH
Added Room: Name=SCH_8Relay
