Removed Pin From Net: NetName=RL1 Pin=RE1-1
Removed Pin From Net: NetName=+5 Pin=RE1-2
Removed Pin From Net: NetName=RL2 Pin=RE2-1
Removed Pin From Net: NetName=+5 Pin=RE2-2
Removed Pin From Net: NetName=RL3 Pin=RE3-1
Removed Pin From Net: NetName=+5 Pin=RE3-2
Removed Pin From Net: NetName=RL4 Pin=RE4-1
Removed Pin From Net: NetName=+5 Pin=RE4-2
Removed Pin From Net: NetName=RL5 Pin=RE5-1
Removed Pin From Net: NetName=+5 Pin=RE5-2
Removed Pin From Net: NetName=RL6 Pin=RE6-1
Removed Pin From Net: NetName=+5 Pin=RE6-2
Removed Pin From Net: NetName=RL7 Pin=RE7-1
Removed Pin From Net: NetName=+5 Pin=RE7-2
Removed Pin From Net: NetName=RL8 Pin=RE8-1
Removed Pin From Net: NetName=+5 Pin=RE8-2
Removed Member From Class: ClassName=SCH_8Relay Member=RE1
Removed Member From Class: ClassName=SCH_8Relay Member=RE2
Removed Member From Class: ClassName=SCH_8Relay Member=RE3
Removed Member From Class: ClassName=SCH_8Relay Member=RE4
Removed Member From Class: ClassName=SCH_8Relay Member=RE5
Removed Member From Class: ClassName=SCH_8Relay Member=RE6
Removed Member From Class: ClassName=SCH_8Relay Member=RE7
Removed Member From Class: ClassName=SCH_8Relay Member=RE8
Add Component: Footprint Not Found RELAY932
Add Component: Footprint Not Found RELAY932
Add Component: Footprint Not Found RELAY932
Add Component: Footprint Not Found RELAY932
Add Component: Footprint Not Found RELAY932
Add Component: Footprint Not Found RELAY932
Add Component: Footprint Not Found RELAY932
Add Component: Footprint Not Found RELAY932
Add Pin To Net: Unknown Pin: Pin *-1
Add Pin To Net: Unknown Pin: Pin *-1
Add Pin To Net: Unknown Pin: Pin *-1
Add Pin To Net: Unknown Pin: Pin *-1
Add Pin To Net: Unknown Pin: Pin *-1
Add Pin To Net: Unknown Pin: Pin *-1
Add Pin To Net: Unknown Pin: Pin *-1
Add Pin To Net: Unknown Pin: Pin *-1
Add Pin To Net: Unknown Pin: Pin *-4
Add Pin To Net: Unknown Pin: Pin *-4
Add Pin To Net: Unknown Pin: Pin *-4
Add Pin To Net: Unknown Pin: Pin *-4
Add Pin To Net: Unknown Pin: Pin *-4
Add Pin To Net: Unknown Pin: Pin *-4
Add Pin To Net: Unknown Pin: Pin *-4
Add Pin To Net: Unknown Pin: Pin *-4
Added Pin To Net: NetName=Net*_2 Pin=P3-2
Added Net: Name=Net*_2
Add Net: Net with name "Net*_2" already exists
Add Net: Net with name "Net*_2" already exists
Add Net: Net with name "Net*_2" already exists
Add Net: Net with name "Net*_2" already exists
Add Net: Net with name "Net*_2" already exists
Add Net: Net with name "Net*_2" already exists
Add Net: Net with name "Net*_2" already exists
Added Pin To Net: NetName=Net*_3 Pin=P7-3
Added Net: Name=Net*_3
Add Net: Net with name "Net*_3" already exists
Add Net: Net with name "Net*_3" already exists
Add Net: Net with name "Net*_3" already exists
Add Net: Net with name "Net*_3" already exists
Add Net: Net with name "Net*_3" already exists
Add Net: Net with name "Net*_3" already exists
Add Net: Net with name "Net*_3" already exists
Add Class Member: Failed to add class member : Component * Relay_932_SH_AH
Add Class Member: Failed to add class member : Component * Relay_932_SH_AH
Add Class Member: Failed to add class member : Component * Relay_932_SH_AH
Add Class Member: Failed to add class member : Component * Relay_932_SH_AH
Add Class Member: Failed to add class member : Component * Relay_932_SH_AH
Add Class Member: Failed to add class member : Component * Relay_932_SH_AH
Add Class Member: Failed to add class member : Component * Relay_932_SH_AH
Add Class Member: Failed to add class member : Component * Relay_932_SH_AH
Added Member To Class: ClassName=SCH_8Relay Member=Component P? Header 4
Added Room: Name=SCH_8Relay
