Removed Pin From Net: NetName=GND Pin=U1-1
Removed Pin From Net: NetName=Vout Pin=U1-5
Removed Pin From Net: NetName=GND Pin=U1-15
Removed Pin From Net: NetName=Vout Pin=U1-16
Removed Pin From Net: NetName=SCL Pin=U1-17
Removed Pin From Net: NetName=SDA Pin=U1-18
Removed Pin From Net: NetName=DIO Pin=U1-19
Removed Pin From Net: NetName=CLK Pin=U1-20
Change Component DesignItemId : Designator=U1 Old DesignItemId=STM32F030F4P6 New DesignItemId=Relay_932_SH_AH
Change Component Description : Designator=U1 Old Description=IC MCU 32BIT 16KB FLASH 20TSSOP New Description=
Change Component Library : Designator=U1 Old Library=chipfc_altium_libs.IntLib New Library=Relay_932_SL_AH.SchLib
Change Component Library : Designator=RL2 Old Library=MT3608.IntLib New Library=Relay_932_SL_AH.SchLib
Change Component Library : Designator=RL4 Old Library=MT3608.IntLib New Library=Relay_932_SL_AH.SchLib
Change component parameters: Designator = "U1" ("U1"); Footprint = "ST/TSSOP20"; UniqueID = "\QKQTVEFQ" ("\QKQTVEFQ")
Change Net Name : Old Net Name=NetL1_1 New Net Name=Net_2
Change Net Name : Old Net Name=NetL2_1 New Net Name=Net_2
Change Net Name : Old Net Name=NetL3_1 New Net Name=Net_2
Change Net Name : Old Net Name=NetL4_1 New Net Name=Net_2
Change Net Name : Old Net Name=NetP1_1 New Net Name=Net_1
Change Net Name : Old Net Name=NetP1_2 New Net Name=Net_2
Change Net Name : Old Net Name=NetP1_3 New Net Name=Net_3
Change Net Name : Old Net Name=NetP2_1 New Net Name=Net_1
Change Net Name : Old Net Name=NetP2_2 New Net Name=Net_2
Change Net Name : Old Net Name=NetP2_3 New Net Name=Net_3
Change Net Name : Old Net Name=NetP3_1 New Net Name=Net_1
Change Net Name : Old Net Name=NetP3_2 New Net Name=Net_2
Change Net Name : Old Net Name=NetP3_3 New Net Name=Net_3
Change Net Name : Old Net Name=NetP4_1 New Net Name=Net_1
Change Net Name : Old Net Name=NetP4_2 New Net Name=Net_2
Change Net Name : Old Net Name=NetP4_3 New Net Name=Net_3
Added Member To Class: ClassName=SCH_8Relay Member=Component  Transistor NPN
Added Member To Class: ClassName=SCH_8Relay Member=Component  Header 4
Added Member To Class: ClassName=SCH_8Relay Member=Component  Header 4
Added Member To Class: ClassName=SCH_8Relay Member=Component  Header 4
Added Member To Class: ClassName=SCH_8Relay Member=Component  R
Added Member To Class: ClassName=SCH_8Relay Member=Component  Transistor NPN
Added Member To Class: ClassName=SCH_8Relay Member=Component  Transistor NPN
Added Member To Class: ClassName=SCH_8Relay Member=Component  R4
Added Member To Class: ClassName=SCH_8Relay Member=Component 
Added Member To Class: ClassName=SCH_8Relay Member=Component  Header 4
Added Member To Class: ClassName=SCH_8Relay Member=Component  R
Added Member To Class: ClassName=SCH_8Relay Member=Component  Header 4
Added Member To Class: ClassName=SCH_8Relay Member=Component  R
Added Member To Class: ClassName=SCH_8Relay Member=Component  R
Added Member To Class: ClassName=SCH_8Relay Member=Component  Relay_932_SH_AH
Added Member To Class: ClassName=SCH_8Relay Member=Component  R
Added Member To Class: ClassName=SCH_8Relay Member=Component  Header 5
Added Member To Class: ClassName=SCH_8Relay Member=Component  R
Added Member To Class: ClassName=SCH_8Relay Member=Component  Transistor NPN
Added Room: Name=SCH_8Relay
