Removed Pin From Net: NetName=GND Pin=D1-1
Removed Pin From Net: NetName=Net_1 Pin=D1-2
Removed Pin From Net: NetName=NetC11_1 Pin=U3-1
Removed Pin From Net: NetName=GND Pin=U3-2
Removed Pin From Net: NetName=NetR17_1 Pin=U3-3
Removed Pin From Net: NetName=NetR16_2 Pin=U3-4
Removed Pin From Net: NetName=+5 Pin=U3-5
Removed Pin From Net: NetName=Net_1 Pin=U3-6
Removed Member From Class: ClassName=Sch_NB-IoT Member=D1
Removed Member From Class: ClassName=Sch_NB-IoT Member=U3
Added Component: Designator=C14(C 0805)
Add component (AddParameter): Name = "BRAND"; Value = ""; VariantName = "[No Variations]"
Add component (AddParameter): Name = "PACKAGE"; Value = ""; VariantName = "[No Variations]"
Add component (AddParameter): Name = "PART NO"; Value = ""; VariantName = "[No Variations]"
Add component (AddParameter): Name = "STOCK CODE"; Value = ""; VariantName = "[No Variations]"
Add component (AddParameter): Name = "SUPPLIER"; Value = ""; VariantName = "[No Variations]"
Add component (AddParameter): Name = "TYPE"; Value = ""; VariantName = "[No Variations]"
Added Component: Designator=C15(C 0805)
Add component (AddParameter): Name = "BRAND"; Value = ""; VariantName = "[No Variations]"
Add component (AddParameter): Name = "PACKAGE"; Value = ""; VariantName = "[No Variations]"
Add component (AddParameter): Name = "PART NO"; Value = ""; VariantName = "[No Variations]"
Add component (AddParameter): Name = "STOCK CODE"; Value = ""; VariantName = "[No Variations]"
Add component (AddParameter): Name = "SUPPLIER"; Value = ""; VariantName = "[No Variations]"
Add component (AddParameter): Name = "TYPE"; Value = ""; VariantName = "[No Variations]"
Added Component: Designator=U?(SOIC127P600X170-9N)
Add component (AddParameter): Name = "Availability"; Value = "Unavailable"; VariantName = "[No Variations]"
Add component (AddParameter): Name = "MF"; Value = ""; VariantName = "[No Variations]"
Add component (AddParameter): Name = "MP"; Value = "MP1484EN-LF"; VariantName = "[No Variations]"
Add component (AddParameter): Name = "Package"; Value = "None"; VariantName = "[No Variations]"
Add component (AddParameter): Name = "Price"; Value = "None"; VariantName = "[No Variations]"
Add component (AddParameter): Name = "Value"; Value = ""; VariantName = "[No Variations]"
Added Pin To Net: NetName=GND Pin=C14-1
Added Pin To Net: NetName=GND Pin=C15-1
Added Pin To Net: NetName=NetC11_1 Pin=U?-1
Added Pin To Net: NetName=+5 Pin=U?-2
Added Pin To Net: NetName=Net_1 Pin=U?-3
Added Pin To Net: NetName=GND Pin=U?-4
Added Pin To Net: NetName=NetR17_1 Pin=U?-5
Added Pin To Net: NetName=NetR16_2 Pin=U?-7
Added Pin To Net: NetName=GND Pin=U?-9
Added Pin To Net: NetName=NetC14_2 Pin=C14-2
Added Pin To Net: NetName=NetC14_2 Pin=U?-8
Added Net: Name=NetC14_2
Added Pin To Net: NetName=NetC15_2 Pin=C15-2
Added Pin To Net: NetName=NetC15_2 Pin=U?-6
Added Net: Name=NetC15_2
Added Member To Class: ClassName=Sch_NB-IoT Member=Component C14 1u
Added Member To Class: ClassName=Sch_NB-IoT Member=Component C15 1u
Added Member To Class: ClassName=Sch_NB-IoT Member=Component  Inductor
Added Member To Class: ClassName=Sch_NB-IoT Member=Component  SIM7080G
Added Member To Class: ClassName=Sch_NB-IoT Member=Component U? MP1484EN-LF
Added Room: Name=Sch_NB-IoT
