Added Component: Designator=C0(C 0805)
Add component (AddParameter): Name = "BRAND"; Value = ""; VariantName = "[No Variations]"
Add component (AddParameter): Name = "PACKAGE"; Value = ""; VariantName = "[No Variations]"
Add component (AddParameter): Name = "PART NO"; Value = ""; VariantName = "[No Variations]"
Add component (AddParameter): Name = "STOCK CODE"; Value = ""; VariantName = "[No Variations]"
Add component (AddParameter): Name = "SUPPLIER"; Value = ""; VariantName = "[No Variations]"
Add component (AddParameter): Name = "TYPE"; Value = ""; VariantName = "[No Variations]"
Added Component: Designator=CON?(CONN/USB/MICRO/RA)
Add component (AddParameter): Name = "BRAND"; Value = ""; VariantName = "[No Variations]"
Add component (AddParameter): Name = "PACKAGE"; Value = ""; VariantName = "[No Variations]"
Add component (AddParameter): Name = "PART NO"; Value = ""; VariantName = "[No Variations]"
Add component (AddParameter): Name = "STOCK CODE"; Value = ""; VariantName = "[No Variations]"
Add component (AddParameter): Name = "SUPPLIER"; Value = ""; VariantName = "[No Variations]"
Add component (AddParameter): Name = "TYPE"; Value = ""; VariantName = "[No Variations]"
Added Pin To Net: NetName=GND Pin=C0-1
Added Pin To Net: NetName=1.8V Pin=C0-2
Added Pin To Net: NetName=GND Pin=CON?-5
Added Pin To Net: NetName=Net_24 Pin=-24
Added Pin To Net: NetName=Net_24 Pin=CON?-1
Added Net: Name=Net_24
Added Pin To Net: NetName=Net_25 Pin=-25
Added Pin To Net: NetName=Net_25 Pin=CON?-3
Added Net: Name=Net_25
Added Pin To Net: NetName=Net_26 Pin=-26
Added Pin To Net: NetName=Net_26 Pin=CON?-2
Added Net: Name=Net_26
Added Member To Class: ClassName=Sch_NB-IoT Member=Component C0 22uF
Added Member To Class: ClassName=Sch_NB-IoT Member=Component CON? USB micro
Added Member To Class: ClassName=Sch_NB-IoT Member=Component  SIM7080G
Added Room: Name=Sch_NB-IoT
