Removed Pin From Net: NetName=NetD1_1 Pin=DL1-1
Removed Pin From Net: NetName=GND Pin=DL1-2
Removed Pin From Net: NetName=NetD3_1 Pin=DL2-1
Removed Pin From Net: NetName=GND Pin=DL2-2
Removed Pin From Net: NetName=NetD5_2 Pin=DL3-1
Removed Pin From Net: NetName=GND Pin=DL3-2
Removed Pin From Net: NetName=NetD7_2 Pin=DL4-1
Removed Pin From Net: NetName=GND Pin=DL4-2
Removed Pin From Net: NetName=NetD1_2 Pin=DL5-1
Removed Pin From Net: NetName=GND Pin=DL5-2
Removed Pin From Net: NetName=NetD2_2 Pin=DL6-1
Removed Pin From Net: NetName=GND Pin=DL6-2
Removed Pin From Net: NetName=NetD3_2 Pin=DL7-1
Removed Pin From Net: NetName=GND Pin=DL7-2
Removed Pin From Net: NetName=NetD4_2 Pin=DL8-1
Removed Pin From Net: NetName=GND Pin=DL8-2
Removed Pin From Net: NetName=NetD5_1 Pin=DL9-1
Removed Pin From Net: NetName=GND Pin=DL9-2
Removed Pin From Net: NetName=NetD6_1 Pin=DL10-1
Removed Pin From Net: NetName=GND Pin=DL10-2
Removed Pin From Net: NetName=NetD7_1 Pin=DL11-1
Removed Pin From Net: NetName=GND Pin=DL11-2
Removed Pin From Net: NetName=NetD8_1 Pin=DL12-1
Removed Pin From Net: NetName=GND Pin=DL12-2
Removed Pin From Net: NetName=NetDL13_1 Pin=DL13-1
Removed Pin From Net: NetName=GND Pin=DL13-2
Removed Pin From Net: NetName=NetD9_1 Pin=DL14-1
Removed Pin From Net: NetName=GND Pin=DL14-2
Removed Pin From Net: NetName=NetD11_1 Pin=DL15-1
Removed Pin From Net: NetName=GND Pin=DL15-2
Removed Pin From Net: NetName=NetD13_1 Pin=DL16-1
Removed Pin From Net: NetName=GND Pin=DL16-2
Removed Pin From Net: NetName=NetD14_1 Pin=DL17-1
Removed Pin From Net: NetName=GND Pin=DL17-2
Removed Pin From Net: NetName=NetDL18_1 Pin=DL18-1
Removed Pin From Net: NetName=GND Pin=DL18-2
Removed Pin From Net: NetName=GND Pin=DL19-2
Removed Pin From Net: NetName=NetDL20_1 Pin=DL20-1
Removed Pin From Net: NetName=GND Pin=DL20-2
Removed Pin From Net: NetName=GND Pin=DL21-2
Removed Pin From Net: NetName=NetDL22_1 Pin=DL22-1
Removed Pin From Net: NetName=GND Pin=DL22-2
Removed Member From Class: ClassName=Sch_LogicDesign Member=DL1
Removed Member From Class: ClassName=Sch_LogicDesign Member=DL2
Removed Member From Class: ClassName=Sch_LogicDesign Member=DL3
Removed Member From Class: ClassName=Sch_LogicDesign Member=DL4
Removed Member From Class: ClassName=Sch_LogicDesign Member=DL5
Removed Member From Class: ClassName=Sch_LogicDesign Member=DL6
Removed Member From Class: ClassName=Sch_LogicDesign Member=DL7
Removed Member From Class: ClassName=Sch_LogicDesign Member=DL8
Removed Member From Class: ClassName=Sch_LogicDesign Member=DL9
Removed Member From Class: ClassName=Sch_LogicDesign Member=DL10
Removed Member From Class: ClassName=Sch_LogicDesign Member=DL11
Removed Member From Class: ClassName=Sch_LogicDesign Member=DL12
Removed Member From Class: ClassName=Sch_LogicDesign Member=DL13
Removed Member From Class: ClassName=Sch_LogicDesign Member=DL14
Removed Member From Class: ClassName=Sch_LogicDesign Member=DL15
Removed Member From Class: ClassName=Sch_LogicDesign Member=DL16
Removed Member From Class: ClassName=Sch_LogicDesign Member=DL17
Removed Member From Class: ClassName=Sch_LogicDesign Member=DL18
Removed Member From Class: ClassName=Sch_LogicDesign Member=DL19
Removed Member From Class: ClassName=Sch_LogicDesign Member=DL20
Removed Member From Class: ClassName=Sch_LogicDesign Member=DL21
Removed Member From Class: ClassName=Sch_LogicDesign Member=DL22
Added Component: Designator=D?(LED 3MM - red)
Add component (AddParameter): Name = "BRAND"; Value = ""; VariantName = "[No Variations]"
Add component (AddParameter): Name = "PACKAGE"; Value = ""; VariantName = "[No Variations]"
Add component (AddParameter): Name = "PART NO"; Value = ""; VariantName = "[No Variations]"
Add component (AddParameter): Name = "STOCK CODE"; Value = ""; VariantName = "[No Variations]"
Add component (AddParameter): Name = "SUPPLIER"; Value = ""; VariantName = "[No Variations]"
Add component (AddParameter): Name = "TYPE"; Value = ""; VariantName = "[No Variations]"
Added Component: Designator=D?(LED 3MM - red)
Add component (AddParameter): Name = "BRAND"; Value = ""; VariantName = "[No Variations]"
Add component (AddParameter): Name = "PACKAGE"; Value = ""; VariantName = "[No Variations]"
Add component (AddParameter): Name = "PART NO"; Value = ""; VariantName = "[No Variations]"
Add component (AddParameter): Name = "STOCK CODE"; Value = ""; VariantName = "[No Variations]"
Add component (AddParameter): Name = "SUPPLIER"; Value = ""; VariantName = "[No Variations]"
Add component (AddParameter): Name = "TYPE"; Value = ""; VariantName = "[No Variations]"
Added Component: Designator=D?(LED 3MM - red)
Add component (AddParameter): Name = "BRAND"; Value = ""; VariantName = "[No Variations]"
Add component (AddParameter): Name = "PACKAGE"; Value = ""; VariantName = "[No Variations]"
Add component (AddParameter): Name = "PART NO"; Value = ""; VariantName = "[No Variations]"
Add component (AddParameter): Name = "STOCK CODE"; Value = ""; VariantName = "[No Variations]"
Add component (AddParameter): Name = "SUPPLIER"; Value = ""; VariantName = "[No Variations]"
Add component (AddParameter): Name = "TYPE"; Value = ""; VariantName = "[No Variations]"
Added Component: Designator=D?(LED 3MM - red)
Add component (AddParameter): Name = "BRAND"; Value = ""; VariantName = "[No Variations]"
Add component (AddParameter): Name = "PACKAGE"; Value = ""; VariantName = "[No Variations]"
Add component (AddParameter): Name = "PART NO"; Value = ""; VariantName = "[No Variations]"
Add component (AddParameter): Name = "STOCK CODE"; Value = ""; VariantName = "[No Variations]"
Add component (AddParameter): Name = "SUPPLIER"; Value = ""; VariantName = "[No Variations]"
Add component (AddParameter): Name = "TYPE"; Value = ""; VariantName = "[No Variations]"
Added Component: Designator=D?(LED 3MM - red)
Add component (AddParameter): Name = "BRAND"; Value = ""; VariantName = "[No Variations]"
Add component (AddParameter): Name = "PACKAGE"; Value = ""; VariantName = "[No Variations]"
Add component (AddParameter): Name = "PART NO"; Value = ""; VariantName = "[No Variations]"
Add component (AddParameter): Name = "STOCK CODE"; Value = ""; VariantName = "[No Variations]"
Add component (AddParameter): Name = "SUPPLIER"; Value = ""; VariantName = "[No Variations]"
Add component (AddParameter): Name = "TYPE"; Value = ""; VariantName = "[No Variations]"
Added Component: Designator=D?(LED 3MM - red)
Add component (AddParameter): Name = "BRAND"; Value = ""; VariantName = "[No Variations]"
Add component (AddParameter): Name = "PACKAGE"; Value = ""; VariantName = "[No Variations]"
Add component (AddParameter): Name = "PART NO"; Value = ""; VariantName = "[No Variations]"
Add component (AddParameter): Name = "STOCK CODE"; Value = ""; VariantName = "[No Variations]"
Add component (AddParameter): Name = "SUPPLIER"; Value = ""; VariantName = "[No Variations]"
Add component (AddParameter): Name = "TYPE"; Value = ""; VariantName = "[No Variations]"
Added Component: Designator=D?(LED 3MM - red)
Add component (AddParameter): Name = "BRAND"; Value = ""; VariantName = "[No Variations]"
Add component (AddParameter): Name = "PACKAGE"; Value = ""; VariantName = "[No Variations]"
Add component (AddParameter): Name = "PART NO"; Value = ""; VariantName = "[No Variations]"
Add component (AddParameter): Name = "STOCK CODE"; Value = ""; VariantName = "[No Variations]"
Add component (AddParameter): Name = "SUPPLIER"; Value = ""; VariantName = "[No Variations]"
Add component (AddParameter): Name = "TYPE"; Value = ""; VariantName = "[No Variations]"
Added Component: Designator=D?(LED 3MM - red)
Add component (AddParameter): Name = "BRAND"; Value = ""; VariantName = "[No Variations]"
Add component (AddParameter): Name = "PACKAGE"; Value = ""; VariantName = "[No Variations]"
Add component (AddParameter): Name = "PART NO"; Value = ""; VariantName = "[No Variations]"
Add component (AddParameter): Name = "STOCK CODE"; Value = ""; VariantName = "[No Variations]"
Add component (AddParameter): Name = "SUPPLIER"; Value = ""; VariantName = "[No Variations]"
Add component (AddParameter): Name = "TYPE"; Value = ""; VariantName = "[No Variations]"
Added Component: Designator=D?(LED 3MM - red)
Add component (AddParameter): Name = "BRAND"; Value = ""; VariantName = "[No Variations]"
Add component (AddParameter): Name = "PACKAGE"; Value = ""; VariantName = "[No Variations]"
Add component (AddParameter): Name = "PART NO"; Value = ""; VariantName = "[No Variations]"
Add component (AddParameter): Name = "STOCK CODE"; Value = ""; VariantName = "[No Variations]"
Add component (AddParameter): Name = "SUPPLIER"; Value = ""; VariantName = "[No Variations]"
Add component (AddParameter): Name = "TYPE"; Value = ""; VariantName = "[No Variations]"
Added Component: Designator=D?(LED 3MM - red)
Add component (AddParameter): Name = "BRAND"; Value = ""; VariantName = "[No Variations]"
Add component (AddParameter): Name = "PACKAGE"; Value = ""; VariantName = "[No Variations]"
Add component (AddParameter): Name = "PART NO"; Value = ""; VariantName = "[No Variations]"
Add component (AddParameter): Name = "STOCK CODE"; Value = ""; VariantName = "[No Variations]"
Add component (AddParameter): Name = "SUPPLIER"; Value = ""; VariantName = "[No Variations]"
Add component (AddParameter): Name = "TYPE"; Value = ""; VariantName = "[No Variations]"
Added Component: Designator=D?(LED 3MM - red)
Add component (AddParameter): Name = "BRAND"; Value = ""; VariantName = "[No Variations]"
Add component (AddParameter): Name = "PACKAGE"; Value = ""; VariantName = "[No Variations]"
Add component (AddParameter): Name = "PART NO"; Value = ""; VariantName = "[No Variations]"
Add component (AddParameter): Name = "STOCK CODE"; Value = ""; VariantName = "[No Variations]"
Add component (AddParameter): Name = "SUPPLIER"; Value = ""; VariantName = "[No Variations]"
Add component (AddParameter): Name = "TYPE"; Value = ""; VariantName = "[No Variations]"
Added Component: Designator=D?(LED 3MM - red)
Add component (AddParameter): Name = "BRAND"; Value = ""; VariantName = "[No Variations]"
Add component (AddParameter): Name = "PACKAGE"; Value = ""; VariantName = "[No Variations]"
Add component (AddParameter): Name = "PART NO"; Value = ""; VariantName = "[No Variations]"
Add component (AddParameter): Name = "STOCK CODE"; Value = ""; VariantName = "[No Variations]"
Add component (AddParameter): Name = "SUPPLIER"; Value = ""; VariantName = "[No Variations]"
Add component (AddParameter): Name = "TYPE"; Value = ""; VariantName = "[No Variations]"
Added Component: Designator=D?(LED 3MM - red)
Add component (AddParameter): Name = "BRAND"; Value = ""; VariantName = "[No Variations]"
Add component (AddParameter): Name = "PACKAGE"; Value = ""; VariantName = "[No Variations]"
Add component (AddParameter): Name = "PART NO"; Value = ""; VariantName = "[No Variations]"
Add component (AddParameter): Name = "STOCK CODE"; Value = ""; VariantName = "[No Variations]"
Add component (AddParameter): Name = "SUPPLIER"; Value = ""; VariantName = "[No Variations]"
Add component (AddParameter): Name = "TYPE"; Value = ""; VariantName = "[No Variations]"
Added Component: Designator=D?(LED 3MM - red)
Add component (AddParameter): Name = "BRAND"; Value = ""; VariantName = "[No Variations]"
Add component (AddParameter): Name = "PACKAGE"; Value = ""; VariantName = "[No Variations]"
Add component (AddParameter): Name = "PART NO"; Value = ""; VariantName = "[No Variations]"
Add component (AddParameter): Name = "STOCK CODE"; Value = ""; VariantName = "[No Variations]"
Add component (AddParameter): Name = "SUPPLIER"; Value = ""; VariantName = "[No Variations]"
Add component (AddParameter): Name = "TYPE"; Value = ""; VariantName = "[No Variations]"
Added Component: Designator=D?(LED 3MM - red)
Add component (AddParameter): Name = "BRAND"; Value = ""; VariantName = "[No Variations]"
Add component (AddParameter): Name = "PACKAGE"; Value = ""; VariantName = "[No Variations]"
Add component (AddParameter): Name = "PART NO"; Value = ""; VariantName = "[No Variations]"
Add component (AddParameter): Name = "STOCK CODE"; Value = ""; VariantName = "[No Variations]"
Add component (AddParameter): Name = "SUPPLIER"; Value = ""; VariantName = "[No Variations]"
Add component (AddParameter): Name = "TYPE"; Value = ""; VariantName = "[No Variations]"
Added Component: Designator=D?(LED 3MM - red)
Add component (AddParameter): Name = "BRAND"; Value = ""; VariantName = "[No Variations]"
Add component (AddParameter): Name = "PACKAGE"; Value = ""; VariantName = "[No Variations]"
Add component (AddParameter): Name = "PART NO"; Value = ""; VariantName = "[No Variations]"
Add component (AddParameter): Name = "STOCK CODE"; Value = ""; VariantName = "[No Variations]"
Add component (AddParameter): Name = "SUPPLIER"; Value = ""; VariantName = "[No Variations]"
Add component (AddParameter): Name = "TYPE"; Value = ""; VariantName = "[No Variations]"
Added Component: Designator=D?(LED 3MM - red)
Add component (AddParameter): Name = "BRAND"; Value = ""; VariantName = "[No Variations]"
Add component (AddParameter): Name = "PACKAGE"; Value = ""; VariantName = "[No Variations]"
Add component (AddParameter): Name = "PART NO"; Value = ""; VariantName = "[No Variations]"
Add component (AddParameter): Name = "STOCK CODE"; Value = ""; VariantName = "[No Variations]"
Add component (AddParameter): Name = "SUPPLIER"; Value = ""; VariantName = "[No Variations]"
Add component (AddParameter): Name = "TYPE"; Value = ""; VariantName = "[No Variations]"
Added Component: Designator=D?(LED 3MM - red)
Add component (AddParameter): Name = "BRAND"; Value = ""; VariantName = "[No Variations]"
Add component (AddParameter): Name = "PACKAGE"; Value = ""; VariantName = "[No Variations]"
Add component (AddParameter): Name = "PART NO"; Value = ""; VariantName = "[No Variations]"
Add component (AddParameter): Name = "STOCK CODE"; Value = ""; VariantName = "[No Variations]"
Add component (AddParameter): Name = "SUPPLIER"; Value = ""; VariantName = "[No Variations]"
Add component (AddParameter): Name = "TYPE"; Value = ""; VariantName = "[No Variations]"
Added Component: Designator=D?(LED 3MM - red)
Add component (AddParameter): Name = "BRAND"; Value = ""; VariantName = "[No Variations]"
Add component (AddParameter): Name = "PACKAGE"; Value = ""; VariantName = "[No Variations]"
Add component (AddParameter): Name = "PART NO"; Value = ""; VariantName = "[No Variations]"
Add component (AddParameter): Name = "STOCK CODE"; Value = ""; VariantName = "[No Variations]"
Add component (AddParameter): Name = "SUPPLIER"; Value = ""; VariantName = "[No Variations]"
Add component (AddParameter): Name = "TYPE"; Value = ""; VariantName = "[No Variations]"
Added Component: Designator=D?(LED 3MM - red)
Add component (AddParameter): Name = "BRAND"; Value = ""; VariantName = "[No Variations]"
Add component (AddParameter): Name = "PACKAGE"; Value = ""; VariantName = "[No Variations]"
Add component (AddParameter): Name = "PART NO"; Value = ""; VariantName = "[No Variations]"
Add component (AddParameter): Name = "STOCK CODE"; Value = ""; VariantName = "[No Variations]"
Add component (AddParameter): Name = "SUPPLIER"; Value = ""; VariantName = "[No Variations]"
Add component (AddParameter): Name = "TYPE"; Value = ""; VariantName = "[No Variations]"
Added Component: Designator=D?(LED 3MM - red)
Add component (AddParameter): Name = "BRAND"; Value = ""; VariantName = "[No Variations]"
Add component (AddParameter): Name = "PACKAGE"; Value = ""; VariantName = "[No Variations]"
Add component (AddParameter): Name = "PART NO"; Value = ""; VariantName = "[No Variations]"
Add component (AddParameter): Name = "STOCK CODE"; Value = ""; VariantName = "[No Variations]"
Add component (AddParameter): Name = "SUPPLIER"; Value = ""; VariantName = "[No Variations]"
Add component (AddParameter): Name = "TYPE"; Value = ""; VariantName = "[No Variations]"
Added Component: Designator=D?(LED 3MM - red)
Add component (AddParameter): Name = "BRAND"; Value = ""; VariantName = "[No Variations]"
Add component (AddParameter): Name = "PACKAGE"; Value = ""; VariantName = "[No Variations]"
Add component (AddParameter): Name = "PART NO"; Value = ""; VariantName = "[No Variations]"
Add component (AddParameter): Name = "STOCK CODE"; Value = ""; VariantName = "[No Variations]"
Add component (AddParameter): Name = "SUPPLIER"; Value = ""; VariantName = "[No Variations]"
Add component (AddParameter): Name = "TYPE"; Value = ""; VariantName = "[No Variations]"
Added Pin To Net: NetName=NetD1_1 Pin=D?-1
Added Pin To Net: NetName=NetD1_2 Pin=D?-1
Added Pin To Net: NetName=NetD2_2 Pin=D?-1
Added Pin To Net: NetName=NetD3_1 Pin=D?-1
Added Pin To Net: NetName=NetD3_2 Pin=D?-1
Added Pin To Net: NetName=NetD4_2 Pin=D?-1
Added Pin To Net: NetName=NetD5_1 Pin=D?-1
Added Pin To Net: NetName=NetD5_2 Pin=D?-1
Added Pin To Net: NetName=NetD6_1 Pin=D?-1
Added Pin To Net: NetName=NetD7_1 Pin=D?-1
Added Pin To Net: NetName=NetD7_2 Pin=D?-1
Added Pin To Net: NetName=NetD8_1 Pin=D?-1
Added Pin To Net: NetName=NetD9_1 Pin=D?-1
Added Pin To Net: NetName=NetD11_1 Pin=D?-1
Added Pin To Net: NetName=NetD13_1 Pin=D?-1
Added Pin To Net: NetName=NetD14_1 Pin=D?-1
Added Pin To Net: NetName=NetDL13_1 Pin=D?-1
Added Pin To Net: NetName=NetDL18_1 Pin=D?-1
Added Pin To Net: NetName=NetDL20_1 Pin=D?-1
Added Pin To Net: NetName=NetDL22_1 Pin=D?-1
Added Pin To Net: NetName=GND Pin=D?-2
Added Pin To Net: NetName=GND Pin=D?-2
Added Pin To Net: NetName=GND Pin=D?-2
Added Pin To Net: NetName=GND Pin=D?-2
Added Pin To Net: NetName=GND Pin=D?-2
Added Pin To Net: NetName=GND Pin=D?-2
Added Pin To Net: NetName=GND Pin=D?-2
Added Pin To Net: NetName=GND Pin=D?-2
Added Pin To Net: NetName=GND Pin=D?-2
Added Pin To Net: NetName=GND Pin=D?-2
Added Pin To Net: NetName=GND Pin=D?-2
Added Pin To Net: NetName=GND Pin=D?-2
Added Pin To Net: NetName=GND Pin=D?-2
Added Pin To Net: NetName=GND Pin=D?-2
Added Pin To Net: NetName=GND Pin=D?-2
Added Pin To Net: NetName=GND Pin=D?-2
Added Pin To Net: NetName=GND Pin=D?-2
Added Pin To Net: NetName=GND Pin=D?-2
Added Pin To Net: NetName=GND Pin=D?-2
Added Pin To Net: NetName=GND Pin=D?-2
Added Pin To Net: NetName=GND Pin=D?-2
Added Pin To Net: NetName=GND Pin=D?-2
Change Net Name : Old Net Name=NetDL13_1 New Net Name=NetD?_1
Change Net Name : Old Net Name=NetDL18_1 New Net Name=NetD?_1
Change Net Name : Old Net Name=NetDL20_1 New Net Name=NetD?_1
Change Net Name : Old Net Name=NetDL22_1 New Net Name=NetD?_1
Add Net: Net with name "NetD?_1" already exists
Add Net: Net with name "NetD?_1" already exists
Added Member To Class: ClassName=Sch_LogicDesign Member=Component D? Led
Added Member To Class: ClassName=Sch_LogicDesign Member=Component D? Led
Added Member To Class: ClassName=Sch_LogicDesign Member=Component D? Led
Added Member To Class: ClassName=Sch_LogicDesign Member=Component D? Led
Added Member To Class: ClassName=Sch_LogicDesign Member=Component D? Led
Added Member To Class: ClassName=Sch_LogicDesign Member=Component D? Led
Added Member To Class: ClassName=Sch_LogicDesign Member=Component D? Led
Added Member To Class: ClassName=Sch_LogicDesign Member=Component D? Led
Added Member To Class: ClassName=Sch_LogicDesign Member=Component D? Led
Added Member To Class: ClassName=Sch_LogicDesign Member=Component D? Led
Added Member To Class: ClassName=Sch_LogicDesign Member=Component D? Led
Added Member To Class: ClassName=Sch_LogicDesign Member=Component D? Led
Added Member To Class: ClassName=Sch_LogicDesign Member=Component D? Led
Added Member To Class: ClassName=Sch_LogicDesign Member=Component D? Led
Added Member To Class: ClassName=Sch_LogicDesign Member=Component D? Led
Added Member To Class: ClassName=Sch_LogicDesign Member=Component D? Led
Added Member To Class: ClassName=Sch_LogicDesign Member=Component D? Led
Added Member To Class: ClassName=Sch_LogicDesign Member=Component D? Led
Added Member To Class: ClassName=Sch_LogicDesign Member=Component D? Led
Added Member To Class: ClassName=Sch_LogicDesign Member=Component D? Led
Added Member To Class: ClassName=Sch_LogicDesign Member=Component D? Led
Added Member To Class: ClassName=Sch_LogicDesign Member=Component D? Led
Added Member To Class: ClassName=Sch_LogicDesign Member=Component H? Screw Hole
Added Member To Class: ClassName=Sch_LogicDesign Member=Component H? Screw Hole
Added Member To Class: ClassName=Sch_LogicDesign Member=Component H? Screw Hole
Added Member To Class: ClassName=Sch_LogicDesign Member=Component H? Screw Hole
Added Member To Class: ClassName=Sch_LogicDesign Member=Component H? Screw Hole
Added Member To Class: ClassName=Sch_LogicDesign Member=Component H? Screw Hole
Added Member To Class: ClassName=Sch_LogicDesign Member=Component H? Screw Hole
Added Member To Class: ClassName=Sch_LogicDesign Member=Component H? Screw Hole
Added Member To Class: ClassName=Sch_LogicDesign Member=Component H? Screw Hole
Added Member To Class: ClassName=Sch_LogicDesign Member=Component H? Screw Hole
Added Member To Class: ClassName=Sch_LogicDesign Member=Component H? Screw Hole
Added Member To Class: ClassName=Sch_LogicDesign Member=Component H? Screw Hole
Added Member To Class: ClassName=Sch_LogicDesign Member=Component H? Screw Hole
Added Member To Class: ClassName=Sch_LogicDesign Member=Component H? Screw Hole
Added Member To Class: ClassName=Sch_LogicDesign Member=Component H? Screw Hole
Added Member To Class: ClassName=Sch_LogicDesign Member=Component H? Screw Hole
Added Member To Class: ClassName=Sch_LogicDesign Member=Component H? Screw Hole
Added Member To Class: ClassName=Sch_LogicDesign Member=Component H? Screw Hole
Added Member To Class: ClassName=Sch_LogicDesign Member=Component H? Screw Hole
Added Member To Class: ClassName=Sch_LogicDesign Member=Component H? Screw Hole
Added Member To Class: ClassName=Sch_LogicDesign Member=Component H? Screw Hole
Added Member To Class: ClassName=Sch_LogicDesign Member=Component H? Screw Hole
Added Member To Class: ClassName=Sch_LogicDesign Member=Component H? Screw Hole
Added Member To Class: ClassName=Sch_LogicDesign Member=Component H? Screw Hole
Added Member To Class: ClassName=Sch_LogicDesign Member=Component H? Screw Hole
Added Member To Class: ClassName=Sch_LogicDesign Member=Component H? Screw Hole
Added Room: Name=Sch_LogicDesign
