Removed Pin From Net: NetName=In1 Pin=J1-1
Removed Pin From Net: NetName=In2 Pin=J1-2
Removed Pin From Net: NetName=VCC Pin=J1-3
Removed Pin From Net: NetName=GND Pin=J1-4
Removed Member From Class: ClassName=SCH_Input Member=J1
Added Component: Designator=J(SEEED_110990030)
Add component (AddParameter): Name = "Arrow_Electronics-Purchase-URL"; Value = "https://snapeda.com/shop?store=Arrow+Electronics&id=583576"; VariantName = "[No Variations]"
Add component (AddParameter): Name = "Availability"; Value = "Good"; VariantName = "[No Variations]"
Add component (AddParameter): Name = "MF"; Value = "Seeed Technology"; VariantName = "[No Variations]"
Add component (AddParameter): Name = "Mouser-Purchase-URL"; Value = "https://snapeda.com/shop?store=Mouser&id=583576"; VariantName = "[No Variations]"
Add component (AddParameter): Name = "MP"; Value = "110990030"; VariantName = "[No Variations]"
Add component (AddParameter): Name = "Package"; Value = "None"; VariantName = "[No Variations]"
Add component (AddParameter): Name = "Price"; Value = "None"; VariantName = "[No Variations]"
Add component (AddParameter): Name = "SnapEDA_Link"; Value = "https://www.snapeda.com/parts/110990030/Seeed%20Technology%20Co.,%20Ltd/view-part/583576/?ref=snap"; VariantName = "[No Variations]"
Add component (AddParameter): Name = "Value"; Value = ""; VariantName = "[No Variations]"
Added Pin To Net: NetName=In1 Pin=J-1
Added Pin To Net: NetName=In2 Pin=J-2
Added Pin To Net: NetName=VCC Pin=J-3
Added Pin To Net: NetName=GND Pin=J-4
Added Member To Class: ClassName=SCH_Input Member=Component J Grove
Added Room: Name=SCH_Input
